# JRE version: OpenJDK Runtime Environment Temurin-11.0.13+8 (11.0.13+8) (build 11.0.13+8)
# Java VM: OpenJDK 64-Bit Server VM Temurin-11.0.13+8 (11.0.13+8, mixed mode, tiered, compressed oops, g1 gc, windows-amd64)
Heap:
 garbage-first heap   total 267264K, used 157338K [0x00000000e0000000, 0x0000000100000000)
  region size 1024K, 17 young (17408K), 5 survivors (5120K)
 Metaspace       used 88177K, capacity 91405K, committed 91548K, reserved 333824K
  class space    used 10912K, capacity 12026K, committed 12108K, reserved 253952K
GC Heap History (20 events):
Event: 495.990 GC heap before
{Heap before GC invocations=53 (full 0):
 garbage-first heap   total 267264K, used 200360K [0x00000000e0000000, 0x0000000100000000)
  region size 1024K, 74 young (75776K), 5 survivors (5120K)
 Metaspace       used 79844K, capacity 82725K, committed 82972K, reserved 327680K
  class space    used 10151K, capacity 11115K, committed 11212K, reserved 253952K
}
Event: 496.003 GC heap after
{Heap after GC invocations=54 (full 0):
 garbage-first heap   total 267264K, used 136079K [0x00000000e0000000, 0x0000000100000000)
  region size 1024K, 10 young (10240K), 10 survivors (10240K)
 Metaspace       used 79844K, capacity 82725K, committed 82972K, reserved 327680K
  class space    used 10151K, capacity 11115K, committed 11212K, reserved 253952K
}
Event: 496.826 GC heap before
{Heap before GC invocations=55 (full 0):
 garbage-first heap   total 267264K, used 204687K [0x00000000e0000000, 0x0000000100000000)
  region size 1024K, 78 young (79872K), 10 survivors (10240K)
 Metaspace       used 81256K, capacity 83759K, committed 84636K, reserved 327680K
  class space    used 10198K, capacity 11078K, committed 11340K, reserved 253952K
}
Event: 496.839 GC heap after
{Heap after GC invocations=56 (full 0):
 garbage-first heap   total 267264K, used 142033K [0x00000000e0000000, 0x0000000100000000)
  region size 1024K, 6 young (6144K), 6 survivors (6144K)
 Metaspace       used 81256K, capacity 83759K, committed 84636K, reserved 327680K
  class space    used 10198K, capacity 11078K, committed 11340K, reserved 253952K
}
Event: 497.113 GC heap before
{Heap before GC invocations=56 (full 0):
 garbage-first heap   total 267264K, used 149201K [0x00000000e0000000, 0x0000000100000000)
  region size 1024K, 13 young (13312K), 6 survivors (6144K)
 Metaspace       used 81822K, capacity 84354K, committed 85148K, reserved 329728K
  class space    used 10236K, capacity 11123K, committed 11340K, reserved 253952K
}
Event: 497.120 GC heap after
{Heap after GC invocations=57 (full 0):
 garbage-first heap   total 267264K, used 135309K [0x00000000e0000000, 0x0000000100000000)
  region size 1024K, 2 young (2048K), 2 survivors (2048K)
 Metaspace       used 81822K, capacity 84354K, committed 85148K, reserved 329728K
  class space    used 10236K, capacity 11123K, committed 11340K, reserved 253952K
}
Event: 499.138 GC heap before
{Heap before GC invocations=57 (full 0):
 garbage-first heap   total 267264K, used 204941K [0x00000000e0000000, 0x0000000100000000)
  region size 1024K, 71 young (72704K), 2 survivors (2048K)
 Metaspace       used 82865K, capacity 85547K, committed 86300K, reserved 329728K
  class space    used 10356K, capacity 11259K, committed 11468K, reserved 253952K
}
Event: 499.146 GC heap after
{Heap after GC invocations=58 (full 0):
 garbage-first heap   total 267264K, used 142046K [0x00000000e0000000, 0x0000000100000000)
  region size 1024K, 8 young (8192K), 8 survivors (8192K)
 Metaspace       used 82865K, capacity 85547K, committed 86300K, reserved 329728K
  class space    used 10356K, capacity 11259K, committed 11468K, reserved 253952K
}
Event: 517.861 GC heap before
{Heap before GC invocations=59 (full 0):
 garbage-first heap   total 267264K, used 210654K [0x00000000e0000000, 0x0000000100000000)
  region size 1024K, 76 young (77824K), 8 survivors (8192K)
 Metaspace       used 84279K, capacity 87209K, committed 87452K, reserved 331776K
  class space    used 10516K, capacity 11536K, committed 11596K, reserved 253952K
}
Event: 517.877 GC heap after
{Heap after GC invocations=60 (full 0):
 garbage-first heap   total 267264K, used 147887K [0x00000000e0000000, 0x0000000100000000)
  region size 1024K, 7 young (7168K), 7 survivors (7168K)
 Metaspace       used 84279K, capacity 87209K, committed 87452K, reserved 331776K
  class space    used 10516K, capacity 11536K, committed 11596K, reserved 253952K
}
Event: 517.896 GC heap before
{Heap before GC invocations=60 (full 0):
 garbage-first heap   total 267264K, used 154031K [0x00000000e0000000, 0x0000000100000000)
  region size 1024K, 13 young (13312K), 7 survivors (7168K)
 Metaspace       used 84406K, capacity 87337K, committed 87452K, reserved 331776K
  class space    used 10536K, capacity 11536K, committed 11596K, reserved 253952K
}
Event: 517.907 GC heap after
{Heap after GC invocations=61 (full 0):
 garbage-first heap   total 267264K, used 140288K [0x00000000e0000000, 0x0000000100000000)
  region size 1024K, 1 young (1024K), 1 survivors (1024K)
 Metaspace       used 84406K, capacity 87337K, committed 87452K, reserved 331776K
  class space    used 10536K, capacity 11536K, committed 11596K, reserved 253952K
}
Event: 518.242 GC heap before
{Heap before GC invocations=61 (full 0):
 garbage-first heap   total 267264K, used 211968K [0x00000000e0000000, 0x0000000100000000)
  region size 1024K, 71 young (72704K), 1 survivors (1024K)
 Metaspace       used 85743K, capacity 88752K, committed 88860K, reserved 331776K
  class space    used 10688K, capacity 11701K, committed 11724K, reserved 253952K
}
Event: 518.247 GC heap after
{Heap after GC invocations=62 (full 0):
 garbage-first heap   total 267264K, used 142922K [0x00000000e0000000, 0x0000000100000000)
  region size 1024K, 4 young (4096K), 4 survivors (4096K)
 Metaspace       used 85743K, capacity 88752K, committed 88860K, reserved 331776K
  class space    used 10688K, capacity 11701K, committed 11724K, reserved 253952K
}
Event: 606.876 GC heap before
{Heap before GC invocations=62 (full 0):
 garbage-first heap   total 267264K, used 213578K [0x00000000e0000000, 0x0000000100000000)
  region size 1024K, 74 young (75776K), 4 survivors (4096K)
 Metaspace       used 86519K, capacity 89615K, committed 89756K, reserved 333824K
  class space    used 10747K, capacity 11807K, committed 11852K, reserved 253952K
}
Event: 606.881 GC heap after
{Heap after GC invocations=63 (full 0):
 garbage-first heap   total 267264K, used 146866K [0x00000000e0000000, 0x0000000100000000)
  region size 1024K, 8 young (8192K), 8 survivors (8192K)
 Metaspace       used 86519K, capacity 89615K, committed 89756K, reserved 333824K
  class space    used 10747K, capacity 11807K, committed 11852K, reserved 253952K
}
Event: 737.765 GC heap before
{Heap before GC invocations=63 (full 0):
 garbage-first heap   total 267264K, used 216498K [0x00000000e0000000, 0x0000000100000000)
  region size 1024K, 77 young (78848K), 8 survivors (8192K)
 Metaspace       used 87679K, capacity 90814K, committed 91036K, reserved 333824K
  class space    used 10877K, capacity 11990K, committed 12108K, reserved 253952K
}
Event: 737.772 GC heap after
{Heap after GC invocations=64 (full 0):
 garbage-first heap   total 267264K, used 147654K [0x00000000e0000000, 0x0000000100000000)
  region size 1024K, 5 young (5120K), 5 survivors (5120K)
 Metaspace       used 87679K, capacity 90814K, committed 91036K, reserved 333824K
  class space    used 10877K, capacity 11990K, committed 12108K, reserved 253952K
}
Event: 1765.758 GC heap before
{Heap before GC invocations=64 (full 0):
 garbage-first heap   total 267264K, used 220358K [0x00000000e0000000, 0x0000000100000000)
  region size 1024K, 76 young (77824K), 5 survivors (5120K)
 Metaspace       used 88121K, capacity 91269K, committed 91548K, reserved 333824K
  class space    used 10911K, capacity 12024K, committed 12108K, reserved 253952K
}
Event: 1765.762 GC heap after
{Heap after GC invocations=65 (full 0):
 garbage-first heap   total 267264K, used 147098K [0x00000000e0000000, 0x0000000100000000)
  region size 1024K, 5 young (5120K), 5 survivors (5120K)
 Metaspace       used 88121K, capacity 91269K, committed 91548K, reserved 333824K
  class space    used 10911K, capacity 12024K, committed 12108K, reserved 253952K
}

